{"/home/travis/build/npmtest/node-npmtest-signals/test.js":{"path":"/home/travis/build/npmtest/node-npmtest-signals/test.js","s":{"1":2,"2":2,"3":2,"4":2,"5":2,"6":2,"7":2,"8":1,"9":2,"10":2,"11":1,"12":1,"13":1,"14":1,"15":2,"16":2,"17":2,"18":2,"19":1,"20":1,"21":2,"22":2,"23":2,"24":1,"25":1,"26":1,"27":1,"28":1,"29":1,"30":1,"31":1,"32":1,"33":1,"34":1,"35":1,"36":1,"37":1,"38":1,"39":2,"40":2,"41":1,"42":2,"43":2,"44":1,"45":2,"46":2,"47":1,"48":2,"49":2,"50":1,"51":1,"52":1,"53":1,"54":1},"b":{"1":[2,1,1,1],"2":[1,1,1,1],"3":[1,1],"4":[1,1],"5":[1,1],"6":[1,1],"7":[1,1],"8":[1,1],"9":[1,1],"10":[1,1,1],"11":[1,1],"12":[1,1],"13":[1,1],"14":[1,1],"15":[1,1],"16":[1,1],"17":[1,1]},"f":{"1":2,"2":2,"3":2,"4":2,"5":2,"6":1,"7":1,"8":1,"9":2,"10":2,"11":2,"12":2,"13":1},"fnMap":{"1":{"name":"(anonymous_1)","line":12,"loc":{"start":{"line":12,"column":1},"end":{"line":12,"column":13}}},"2":{"name":"(anonymous_2)","line":19,"loc":{"start":{"line":19,"column":5},"end":{"line":19,"column":17}}},"3":{"name":"(anonymous_3)","line":23,"loc":{"start":{"line":23,"column":24},"end":{"line":23,"column":36}}},"4":{"name":"(anonymous_4)","line":61,"loc":{"start":{"line":61,"column":5},"end":{"line":61,"column":17}}},"5":{"name":"(anonymous_5)","line":82,"loc":{"start":{"line":82,"column":5},"end":{"line":82,"column":17}}},"6":{"name":"(anonymous_6)","line":91,"loc":{"start":{"line":91,"column":77},"end":{"line":94,"column":10}}},"7":{"name":"(anonymous_7)","line":112,"loc":{"start":{"line":112,"column":83},"end":{"line":115,"column":10}},"skip":true},"8":{"name":"(anonymous_8)","line":123,"loc":{"start":{"line":123,"column":77},"end":{"line":126,"column":10}},"skip":true},"9":{"name":"(anonymous_9)","line":139,"loc":{"start":{"line":139,"column":12},"end":{"line":139,"column":40}},"skip":true},"10":{"name":"(anonymous_10)","line":147,"loc":{"start":{"line":147,"column":77},"end":{"line":150,"column":10}},"skip":true},"11":{"name":"(anonymous_11)","line":158,"loc":{"start":{"line":158,"column":83},"end":{"line":161,"column":10}},"skip":true},"12":{"name":"(anonymous_12)","line":169,"loc":{"start":{"line":169,"column":79},"end":{"line":172,"column":10}},"skip":true},"13":{"name":"(anonymous_13)","line":180,"loc":{"start":{"line":180,"column":75},"end":{"line":183,"column":10}},"skip":true}},"statementMap":{"1":{"start":{"line":12,"column":0},"end":{"line":195,"column":5}},"2":{"start":{"line":14,"column":4},"end":{"line":14,"column":14}},"3":{"start":{"line":19,"column":4},"end":{"line":56,"column":9}},"4":{"start":{"line":21,"column":8},"end":{"line":21,"column":19}},"5":{"start":{"line":23,"column":8},"end":{"line":35,"column":13}},"6":{"start":{"line":24,"column":12},"end":{"line":34,"column":13}},"7":{"start":{"line":25,"column":16},"end":{"line":28,"column":30}},"8":{"start":{"line":30,"column":16},"end":{"line":33,"column":27}},"9":{"start":{"line":37,"column":8},"end":{"line":39,"column":21}},"10":{"start":{"line":40,"column":8},"end":{"line":53,"column":9}},"11":{"start":{"line":43,"column":12},"end":{"line":46,"column":14}},"12":{"start":{"line":47,"column":12},"end":{"line":47,"column":18}},"13":{"start":{"line":50,"column":12},"end":{"line":51,"column":46}},"14":{"start":{"line":52,"column":12},"end":{"line":52,"column":18}},"15":{"start":{"line":55,"column":8},"end":{"line":55,"column":35}},"16":{"start":{"line":61,"column":4},"end":{"line":63,"column":9}},"17":{"start":{"line":62,"column":8},"end":{"line":62,"column":15}},"18":{"start":{"line":64,"column":4},"end":{"line":77,"column":5}},"19":{"start":{"line":70,"column":8},"end":{"line":70,"column":14}},"20":{"start":{"line":76,"column":8},"end":{"line":76,"column":14}},"21":{"start":{"line":82,"column":4},"end":{"line":84,"column":9}},"22":{"start":{"line":83,"column":8},"end":{"line":83,"column":15}},"23":{"start":{"line":85,"column":4},"end":{"line":194,"column":5}},"24":{"start":{"line":91,"column":8},"end":{"line":99,"column":10}},"25":{"start":{"line":98,"column":12},"end":{"line":98,"column":35}},"26":{"start":{"line":102,"column":8},"end":{"line":104,"column":63}},"27":{"start":{"line":105,"column":8},"end":{"line":105,"column":14}},"28":{"start":{"line":112,"column":8},"end":{"line":121,"column":10},"skip":true},"29":{"start":{"line":119,"column":12},"end":{"line":119,"column":55},"skip":true},"30":{"start":{"line":120,"column":12},"end":{"line":120,"column":48},"skip":true},"31":{"start":{"line":123,"column":8},"end":{"line":136,"column":10},"skip":true},"32":{"start":{"line":130,"column":12},"end":{"line":130,"column":76},"skip":true},"33":{"start":{"line":131,"column":12},"end":{"line":131,"column":73},"skip":true},"34":{"start":{"line":132,"column":12},"end":{"line":132,"column":74},"skip":true},"35":{"start":{"line":133,"column":12},"end":{"line":133,"column":79},"skip":true},"36":{"start":{"line":134,"column":12},"end":{"line":134,"column":25},"skip":true},"37":{"start":{"line":135,"column":12},"end":{"line":135,"column":45},"skip":true},"38":{"start":{"line":138,"column":8},"end":{"line":145,"column":14},"skip":true},"39":{"start":{"line":143,"column":16},"end":{"line":143,"column":29},"skip":true},"40":{"start":{"line":144,"column":16},"end":{"line":144,"column":55},"skip":true},"41":{"start":{"line":147,"column":8},"end":{"line":156,"column":10},"skip":true},"42":{"start":{"line":154,"column":12},"end":{"line":154,"column":25},"skip":true},"43":{"start":{"line":155,"column":12},"end":{"line":155,"column":45},"skip":true},"44":{"start":{"line":158,"column":8},"end":{"line":167,"column":10},"skip":true},"45":{"start":{"line":165,"column":12},"end":{"line":165,"column":25},"skip":true},"46":{"start":{"line":166,"column":12},"end":{"line":166,"column":48},"skip":true},"47":{"start":{"line":169,"column":8},"end":{"line":178,"column":10},"skip":true},"48":{"start":{"line":176,"column":12},"end":{"line":176,"column":25},"skip":true},"49":{"start":{"line":177,"column":12},"end":{"line":177,"column":46},"skip":true},"50":{"start":{"line":180,"column":8},"end":{"line":189,"column":10},"skip":true},"51":{"start":{"line":187,"column":12},"end":{"line":187,"column":94},"skip":true},"52":{"start":{"line":188,"column":12},"end":{"line":188,"column":48},"skip":true},"53":{"start":{"line":192,"column":8},"end":{"line":192,"column":35},"skip":true},"54":{"start":{"line":193,"column":8},"end":{"line":193,"column":14},"skip":true}},"branchMap":{"1":{"line":25,"type":"binary-expr","locations":[{"start":{"line":25,"column":23},"end":{"line":25,"column":62}},{"start":{"line":26,"column":20},"end":{"line":26,"column":70}},{"start":{"line":27,"column":20},"end":{"line":27,"column":71}},{"start":{"line":28,"column":20},"end":{"line":28,"column":29}}]},"2":{"line":30,"type":"binary-expr","locations":[{"start":{"line":30,"column":23},"end":{"line":30,"column":37}},{"start":{"line":31,"column":20},"end":{"line":31,"column":61}},{"start":{"line":32,"column":20},"end":{"line":32,"column":70}},{"start":{"line":33,"column":20},"end":{"line":33,"column":26}}]},"3":{"line":37,"type":"cond-expr","locations":[{"start":{"line":38,"column":14},"end":{"line":38,"column":20}},{"start":{"line":39,"column":14},"end":{"line":39,"column":20}}]},"4":{"line":40,"type":"switch","locations":[{"start":{"line":42,"column":8},"end":{"line":47,"column":18}},{"start":{"line":49,"column":8},"end":{"line":52,"column":18}}]},"5":{"line":44,"type":"binary-expr","locations":[{"start":{"line":44,"column":16},"end":{"line":44,"column":44}},{"start":{"line":44,"column":48},"end":{"line":44,"column":66}}]},"6":{"line":50,"type":"binary-expr","locations":[{"start":{"line":50,"column":21},"end":{"line":50,"column":49}},{"start":{"line":50,"column":53},"end":{"line":50,"column":72}}]},"7":{"line":64,"type":"switch","locations":[{"start":{"line":69,"column":4},"end":{"line":70,"column":14}},{"start":{"line":75,"column":4},"end":{"line":76,"column":14}}]},"8":{"line":85,"type":"switch","locations":[{"start":{"line":90,"column":4},"end":{"line":105,"column":14}},{"start":{"line":111,"column":4},"end":{"line":193,"column":14},"skip":true}]},"9":{"line":91,"type":"binary-expr","locations":[{"start":{"line":91,"column":42},"end":{"line":91,"column":73}},{"start":{"line":91,"column":77},"end":{"line":99,"column":9}}]},"10":{"line":102,"type":"binary-expr","locations":[{"start":{"line":102,"column":18},"end":{"line":102,"column":32}},{"start":{"line":103,"column":12},"end":{"line":103,"column":53}},{"start":{"line":104,"column":12},"end":{"line":104,"column":61}}]},"11":{"line":112,"type":"binary-expr","locations":[{"start":{"line":112,"column":45},"end":{"line":112,"column":79},"skip":true},{"start":{"line":112,"column":83},"end":{"line":121,"column":9},"skip":true}]},"12":{"line":123,"type":"binary-expr","locations":[{"start":{"line":123,"column":42},"end":{"line":123,"column":73},"skip":true},{"start":{"line":123,"column":77},"end":{"line":136,"column":9},"skip":true}]},"13":{"line":138,"type":"binary-expr","locations":[{"start":{"line":138,"column":48},"end":{"line":138,"column":85},"skip":true},{"start":{"line":139,"column":12},"end":{"line":145,"column":13},"skip":true}]},"14":{"line":147,"type":"binary-expr","locations":[{"start":{"line":147,"column":42},"end":{"line":147,"column":73},"skip":true},{"start":{"line":147,"column":77},"end":{"line":156,"column":9},"skip":true}]},"15":{"line":158,"type":"binary-expr","locations":[{"start":{"line":158,"column":45},"end":{"line":158,"column":79},"skip":true},{"start":{"line":158,"column":83},"end":{"line":167,"column":9},"skip":true}]},"16":{"line":169,"type":"binary-expr","locations":[{"start":{"line":169,"column":43},"end":{"line":169,"column":75},"skip":true},{"start":{"line":169,"column":79},"end":{"line":178,"column":9},"skip":true}]},"17":{"line":180,"type":"binary-expr","locations":[{"start":{"line":180,"column":41},"end":{"line":180,"column":71},"skip":true},{"start":{"line":180,"column":75},"end":{"line":189,"column":9},"skip":true}]}},"code":["/* istanbul instrument in package npmtest_signals */","/*jslint","    bitwise: true,","    browser: true,","    maxerr: 8,","    maxlen: 96,","    node: true,","    nomen: true,","    regexp: true,","    stupid: true","*/","(function () {","    'use strict';","    var local;","","","","    // run shared js-env code - pre-init","    (function () {","        // init local","        local = {};","        // init modeJs","        local.modeJs = (function () {","            try {","                return typeof navigator.userAgent === 'string' &&","                    typeof document.querySelector('body') === 'object' &&","                    typeof XMLHttpRequest.prototype.open === 'function' &&","                    'browser';","            } catch (errorCaughtBrowser) {","                return module.exports &&","                    typeof process.versions.node === 'string' &&","                    typeof require('http').createServer === 'function' &&","                    'node';","            }","        }());","        // init global","        local.global = local.modeJs === 'browser'","            ? window","            : global;","        switch (local.modeJs) {","        // re-init local from window.local","        case 'browser':","            local = local.global.utility2.objectSetDefault(","                local.global.utility2_rollup || local.global.local,","                local.global.utility2","            );","            break;","        // re-init local from example.js","        case 'node':","            local = (local.global.utility2_rollup || require('utility2'))","                .requireExampleJsFromReadme();","            break;","        }","        // export local","        local.global.local = local;","    }());","","","","    // run shared js-env code - function","    (function () {","        return;","    }());","    switch (local.modeJs) {","","","","    // run browser js-env code - function","    case 'browser':","        break;","","","","    // run node js-env code - function","    case 'node':","        break;","    }","","","","    // run shared js-env code - post-init","    (function () {","        return;","    }());","    switch (local.modeJs) {","","","","    // run browser js-env code - post-init","    case 'browser':","        local.testCase_browser_nullCase = local.testCase_browser_nullCase || function (","            options,","            onError","        ) {","        /*","         * this function will test browsers's null-case handling-behavior-behavior","         */","            onError(null, options);","        };","","        // run tests","        local.nop(local.modeTest &&","            document.querySelector('#testRunButton1') &&","            document.querySelector('#testRunButton1').click());","        break;","","","","    // run node js-env code - post-init","    /* istanbul ignore next */","    case 'node':","        local.testCase_buildApidoc_default = local.testCase_buildApidoc_default || function (","            options,","            onError","        ) {","        /*","         * this function will test buildApidoc's default handling-behavior-behavior","         */","            options = { modulePathList: module.paths };","            local.buildApidoc(options, onError);","        };","","        local.testCase_buildApp_default = local.testCase_buildApp_default || function (","            options,","            onError","        ) {","        /*","         * this function will test buildApp's default handling-behavior-behavior","         */","            local.testCase_buildReadme_default(options, local.onErrorThrow);","            local.testCase_buildLib_default(options, local.onErrorThrow);","            local.testCase_buildTest_default(options, local.onErrorThrow);","            local.testCase_buildCustomOrg_default(options, local.onErrorThrow);","            options = [];","            local.buildApp(options, onError);","        };","","        local.testCase_buildCustomOrg_default = local.testCase_buildCustomOrg_default ||","            function (options, onError) {","            /*","             * this function will test buildCustomOrg's default handling-behavior","             */","                options = {};","                local.buildCustomOrg(options, onError);","            };","","        local.testCase_buildLib_default = local.testCase_buildLib_default || function (","            options,","            onError","        ) {","        /*","         * this function will test buildLib's default handling-behavior","         */","            options = {};","            local.buildLib(options, onError);","        };","","        local.testCase_buildReadme_default = local.testCase_buildReadme_default || function (","            options,","            onError","        ) {","        /*","         * this function will test buildReadme's default handling-behavior-behavior","         */","            options = {};","            local.buildReadme(options, onError);","        };","","        local.testCase_buildTest_default = local.testCase_buildTest_default || function (","            options,","            onError","        ) {","        /*","         * this function will test buildTest's default handling-behavior","         */","            options = {};","            local.buildTest(options, onError);","        };","","        local.testCase_webpage_default = local.testCase_webpage_default || function (","            options,","            onError","        ) {","        /*","         * this function will test webpage's default handling-behavior","         */","            options = { modeCoverageMerge: true, url: local.serverLocalHost + '?modeTest=1' };","            local.browserTest(options, onError);","        };","","        // run test-server","        local.testRunServer(local);","        break;","    }","}());",""],"l":{"12":2,"14":2,"19":2,"21":2,"23":2,"24":2,"25":2,"30":1,"37":2,"40":2,"43":1,"47":1,"50":1,"52":1,"55":2,"61":2,"62":2,"64":2,"70":1,"76":1,"82":2,"83":2,"85":2,"91":1,"98":1,"102":1,"105":1,"112":1,"119":1,"120":1,"123":1,"130":1,"131":1,"132":1,"133":1,"134":1,"135":1,"138":1,"143":2,"144":2,"147":1,"154":2,"155":2,"158":1,"165":2,"166":2,"169":1,"176":2,"177":2,"180":1,"187":1,"188":1,"192":1,"193":1}},"/home/travis/build/npmtest/node-npmtest-signals/lib.npmtest_signals.js":{"path":"/home/travis/build/npmtest/node-npmtest-signals/lib.npmtest_signals.js","s":{"1":2,"2":2,"3":2,"4":2,"5":2,"6":2,"7":2,"8":1,"9":2,"10":2,"11":2,"12":2,"13":1,"14":1,"15":1,"16":1},"b":{"1":[2,1,1,1],"2":[1,1,1,1],"3":[1,1],"4":[2,2],"5":[1,1]},"f":{"1":2,"2":2,"3":2},"fnMap":{"1":{"name":"(anonymous_1)","line":12,"loc":{"start":{"line":12,"column":1},"end":{"line":12,"column":13}}},"2":{"name":"(anonymous_2)","line":19,"loc":{"start":{"line":19,"column":5},"end":{"line":19,"column":17}}},"3":{"name":"(anonymous_3)","line":23,"loc":{"start":{"line":23,"column":24},"end":{"line":23,"column":36}}}},"statementMap":{"1":{"start":{"line":12,"column":0},"end":{"line":53,"column":5}},"2":{"start":{"line":14,"column":4},"end":{"line":14,"column":14}},"3":{"start":{"line":19,"column":4},"end":{"line":52,"column":9}},"4":{"start":{"line":21,"column":8},"end":{"line":21,"column":19}},"5":{"start":{"line":23,"column":8},"end":{"line":35,"column":13}},"6":{"start":{"line":24,"column":12},"end":{"line":34,"column":13}},"7":{"start":{"line":25,"column":16},"end":{"line":28,"column":30}},"8":{"start":{"line":30,"column":16},"end":{"line":33,"column":27}},"9":{"start":{"line":37,"column":8},"end":{"line":39,"column":21}},"10":{"start":{"line":41,"column":8},"end":{"line":41,"column":54}},"11":{"start":{"line":43,"column":8},"end":{"line":43,"column":52}},"12":{"start":{"line":45,"column":8},"end":{"line":51,"column":9}},"13":{"start":{"line":46,"column":12},"end":{"line":46,"column":58}},"14":{"start":{"line":48,"column":12},"end":{"line":48,"column":35}},"15":{"start":{"line":49,"column":12},"end":{"line":49,"column":49}},"16":{"start":{"line":50,"column":12},"end":{"line":50,"column":43}}},"branchMap":{"1":{"line":25,"type":"binary-expr","locations":[{"start":{"line":25,"column":23},"end":{"line":25,"column":62}},{"start":{"line":26,"column":20},"end":{"line":26,"column":70}},{"start":{"line":27,"column":20},"end":{"line":27,"column":71}},{"start":{"line":28,"column":20},"end":{"line":28,"column":29}}]},"2":{"line":30,"type":"binary-expr","locations":[{"start":{"line":30,"column":23},"end":{"line":30,"column":37}},{"start":{"line":31,"column":20},"end":{"line":31,"column":61}},{"start":{"line":32,"column":20},"end":{"line":32,"column":70}},{"start":{"line":33,"column":20},"end":{"line":33,"column":26}}]},"3":{"line":37,"type":"cond-expr","locations":[{"start":{"line":38,"column":14},"end":{"line":38,"column":20}},{"start":{"line":39,"column":14},"end":{"line":39,"column":20}}]},"4":{"line":41,"type":"binary-expr","locations":[{"start":{"line":41,"column":16},"end":{"line":41,"column":44}},{"start":{"line":41,"column":48},"end":{"line":41,"column":53}}]},"5":{"line":45,"type":"if","locations":[{"start":{"line":45,"column":8},"end":{"line":45,"column":8}},{"start":{"line":45,"column":8},"end":{"line":45,"column":8}}]}},"code":["/* istanbul instrument in package npmtest_signals */","/*jslint","    bitwise: true,","    browser: true,","    maxerr: 8,","    maxlen: 96,","    node: true,","    nomen: true,","    regexp: true,","    stupid: true","*/","(function () {","    'use strict';","    var local;","","","","    // run shared js-env code - pre-init","    (function () {","        // init local","        local = {};","        // init modeJs","        local.modeJs = (function () {","            try {","                return typeof navigator.userAgent === 'string' &&","                    typeof document.querySelector('body') === 'object' &&","                    typeof XMLHttpRequest.prototype.open === 'function' &&","                    'browser';","            } catch (errorCaughtBrowser) {","                return module.exports &&","                    typeof process.versions.node === 'string' &&","                    typeof require('http').createServer === 'function' &&","                    'node';","            }","        }());","        // init global","        local.global = local.modeJs === 'browser'","            ? window","            : global;","        // init utility2_rollup","        local = local.global.utility2_rollup || local;","        // init lib","        local.local = local.npmtest_signals = local;","        // init exports","        if (local.modeJs === 'browser') {","            local.global.utility2_npmtest_signals = local;","        } else {","            module.exports = local;","            module.exports.__dirname = __dirname;","            module.exports.module = module;","        }","    }());","}());",""],"l":{"12":2,"14":2,"19":2,"21":2,"23":2,"24":2,"25":2,"30":1,"37":2,"41":2,"43":2,"45":2,"46":1,"48":1,"49":1,"50":1}},"/home/travis/build/npmtest/node-npmtest-signals/example.js":{"path":"/home/travis/build/npmtest/node-npmtest-signals/example.js","s":{"1":2,"2":2,"3":2,"4":2,"5":2,"6":2,"7":2,"8":1,"9":2,"10":2,"11":2,"12":2,"13":1,"14":2,"15":2,"16":2,"17":2,"18":2,"19":0,"20":2,"21":1,"22":1,"23":1,"24":1,"25":1,"26":0,"27":0,"28":1,"29":1,"30":2,"31":0,"32":0,"33":0,"34":1,"35":2,"36":2,"37":3,"38":3,"39":3,"40":3,"41":0,"42":3,"43":3,"44":3,"45":1,"46":3,"47":1,"48":1,"49":1,"50":1,"51":1,"52":1,"53":1,"54":1,"55":1,"56":1,"57":0,"58":1,"59":6,"60":6,"61":1,"62":2,"63":0,"64":2,"65":1,"66":1,"67":0,"68":0,"69":0,"70":0,"71":0,"72":0,"73":0,"74":0,"75":0,"76":0,"77":0,"78":0,"79":0,"80":0,"81":0,"82":0,"83":0},"b":{"1":[2,1,1,1],"2":[1,1,1,1],"3":[1,1],"4":[2,2],"5":[1,1],"6":[1,1],"7":[2,0],"8":[2,1,1,1,1,1],"9":[0,2,0],"10":[1,1],"11":[2,1,1],"12":[1,0],"13":[0,2],"14":[2,0,0,0,0,0,0],"15":[0,3],"16":[3,0],"17":[1,1],"18":[0,1],"19":[1,2,0,2],"20":[1,0],"21":[1,1],"22":[0,0],"23":[0,0],"24":[0,0],"25":[0,0],"26":[0,0],"27":[0,0],"28":[0,0]},"f":{"1":2,"2":2,"3":2,"4":2,"5":2,"6":2,"7":3,"8":3,"9":3,"10":1,"11":6,"12":0},"fnMap":{"1":{"name":"(anonymous_1)","line":26,"loc":{"start":{"line":26,"column":1},"end":{"line":26,"column":13}}},"2":{"name":"(anonymous_2)","line":33,"loc":{"start":{"line":33,"column":5},"end":{"line":33,"column":17}}},"3":{"name":"(anonymous_3)","line":37,"loc":{"start":{"line":37,"column":24},"end":{"line":37,"column":36}}},"4":{"name":"(anonymous_4)","line":69,"loc":{"start":{"line":69,"column":31},"end":{"line":69,"column":48}},"skip":true},"5":{"name":"(anonymous_5)","line":78,"loc":{"start":{"line":78,"column":26},"end":{"line":78,"column":45}},"skip":true},"6":{"name":"(anonymous_6)","line":123,"loc":{"start":{"line":123,"column":33},"end":{"line":123,"column":48}},"skip":true},"7":{"name":"(anonymous_7)","line":125,"loc":{"start":{"line":125,"column":27},"end":{"line":125,"column":39}},"skip":true},"8":{"name":"(anonymous_8)","line":133,"loc":{"start":{"line":133,"column":59},"end":{"line":133,"column":74}},"skip":true},"9":{"name":"(anonymous_9)","line":143,"loc":{"start":{"line":143,"column":45},"end":{"line":143,"column":62}},"skip":true},"10":{"name":"(anonymous_10)","line":144,"loc":{"start":{"line":144,"column":73},"end":{"line":144,"column":92}},"skip":true},"11":{"name":"(anonymous_11)","line":272,"loc":{"start":{"line":272,"column":51},"end":{"line":272,"column":77}},"skip":true},"12":{"name":"(anonymous_12)","line":314,"loc":{"start":{"line":314,"column":32},"end":{"line":314,"column":61}},"skip":true}},"statementMap":{"1":{"start":{"line":26,"column":0},"end":{"line":325,"column":5}},"2":{"start":{"line":28,"column":4},"end":{"line":28,"column":14}},"3":{"start":{"line":33,"column":4},"end":{"line":60,"column":9}},"4":{"start":{"line":35,"column":8},"end":{"line":35,"column":19}},"5":{"start":{"line":37,"column":8},"end":{"line":49,"column":13}},"6":{"start":{"line":38,"column":12},"end":{"line":48,"column":13}},"7":{"start":{"line":39,"column":16},"end":{"line":42,"column":30}},"8":{"start":{"line":44,"column":16},"end":{"line":47,"column":27}},"9":{"start":{"line":51,"column":8},"end":{"line":53,"column":21}},"10":{"start":{"line":55,"column":8},"end":{"line":57,"column":45}},"11":{"start":{"line":59,"column":8},"end":{"line":59,"column":35}},"12":{"start":{"line":61,"column":4},"end":{"line":324,"column":5}},"13":{"start":{"line":69,"column":8},"end":{"line":121,"column":10},"skip":true},"14":{"start":{"line":70,"column":12},"end":{"line":88,"column":13},"skip":true},"15":{"start":{"line":76,"column":16},"end":{"line":87,"column":19},"skip":true},"16":{"start":{"line":79,"column":20},"end":{"line":86,"column":21},"skip":true},"17":{"start":{"line":82,"column":24},"end":{"line":82,"column":43},"skip":true},"18":{"start":{"line":83,"column":24},"end":{"line":83,"column":30},"skip":true},"19":{"start":{"line":85,"column":24},"end":{"line":85,"column":49},"skip":true},"20":{"start":{"line":89,"column":12},"end":{"line":107,"column":13},"skip":true},"21":{"start":{"line":92,"column":16},"end":{"line":102,"column":17},"skip":true},"22":{"start":{"line":93,"column":20},"end":{"line":93,"column":86},"skip":true},"23":{"start":{"line":94,"column":20},"end":{"line":95,"column":45},"skip":true},"24":{"start":{"line":96,"column":20},"end":{"line":96,"column":42},"skip":true},"25":{"start":{"line":97,"column":20},"end":{"line":97,"column":48},"skip":true},"26":{"start":{"line":100,"column":20},"end":{"line":100,"column":85},"skip":true},"27":{"start":{"line":101,"column":20},"end":{"line":101,"column":96},"skip":true},"28":{"start":{"line":103,"column":16},"end":{"line":103,"column":22},"skip":true},"29":{"start":{"line":106,"column":16},"end":{"line":106,"column":22},"skip":true},"30":{"start":{"line":108,"column":12},"end":{"line":120,"column":13},"skip":true},"31":{"start":{"line":114,"column":16},"end":{"line":119,"column":17},"skip":true},"32":{"start":{"line":116,"column":20},"end":{"line":116,"column":78},"skip":true},"33":{"start":{"line":118,"column":20},"end":{"line":118,"column":47},"skip":true},"34":{"start":{"line":123,"column":8},"end":{"line":141,"column":11},"skip":true},"35":{"start":{"line":124,"column":12},"end":{"line":124,"column":54},"skip":true},"36":{"start":{"line":125,"column":12},"end":{"line":140,"column":14},"skip":true},"37":{"start":{"line":126,"column":16},"end":{"line":126,"column":28},"skip":true},"38":{"start":{"line":127,"column":16},"end":{"line":127,"column":69},"skip":true},"39":{"start":{"line":128,"column":16},"end":{"line":128,"column":75},"skip":true},"40":{"start":{"line":129,"column":16},"end":{"line":131,"column":17},"skip":true},"41":{"start":{"line":130,"column":20},"end":{"line":130,"column":27},"skip":true},"42":{"start":{"line":133,"column":16},"end":{"line":137,"column":36},"skip":true},"43":{"start":{"line":134,"column":20},"end":{"line":136,"column":55},"skip":true},"44":{"start":{"line":139,"column":16},"end":{"line":139,"column":57},"skip":true},"45":{"start":{"line":143,"column":8},"end":{"line":147,"column":11},"skip":true},"46":{"start":{"line":144,"column":12},"end":{"line":146,"column":15},"skip":true},"47":{"start":{"line":145,"column":16},"end":{"line":145,"column":70},"skip":true},"48":{"start":{"line":149,"column":8},"end":{"line":149,"column":31},"skip":true},"49":{"start":{"line":150,"column":8},"end":{"line":150,"column":14},"skip":true},"50":{"start":{"line":158,"column":8},"end":{"line":158,"column":31},"skip":true},"51":{"start":{"line":160,"column":8},"end":{"line":160,"column":33},"skip":true},"52":{"start":{"line":161,"column":8},"end":{"line":161,"column":37},"skip":true},"53":{"start":{"line":162,"column":8},"end":{"line":162,"column":35},"skip":true},"54":{"start":{"line":164,"column":8},"end":{"line":164,"column":50},"skip":true},"55":{"start":{"line":166,"column":8},"end":{"line":256,"column":2},"skip":true},"56":{"start":{"line":258,"column":8},"end":{"line":286,"column":9},"skip":true},"57":{"start":{"line":259,"column":12},"end":{"line":269,"column":14},"skip":true},"58":{"start":{"line":271,"column":12},"end":{"line":285,"column":19},"skip":true},"59":{"start":{"line":274,"column":20},"end":{"line":274,"column":35},"skip":true},"60":{"start":{"line":275,"column":20},"end":{"line":284,"column":21},"skip":true},"61":{"start":{"line":277,"column":24},"end":{"line":277,"column":64},"skip":true},"62":{"start":{"line":279,"column":24},"end":{"line":279,"column":40},"skip":true},"63":{"start":{"line":281,"column":24},"end":{"line":281,"column":40},"skip":true},"64":{"start":{"line":283,"column":24},"end":{"line":283,"column":39},"skip":true},"65":{"start":{"line":288,"column":8},"end":{"line":290,"column":9},"skip":true},"66":{"start":{"line":289,"column":12},"end":{"line":289,"column":18},"skip":true},"67":{"start":{"line":291,"column":8},"end":{"line":293,"column":54},"skip":true},"68":{"start":{"line":294,"column":8},"end":{"line":301,"column":37},"skip":true},"69":{"start":{"line":302,"column":8},"end":{"line":302,"column":82},"skip":true},"70":{"start":{"line":305,"column":8},"end":{"line":307,"column":9},"skip":true},"71":{"start":{"line":306,"column":12},"end":{"line":306,"column":82},"skip":true},"72":{"start":{"line":309,"column":8},"end":{"line":311,"column":9},"skip":true},"73":{"start":{"line":310,"column":12},"end":{"line":310,"column":18},"skip":true},"74":{"start":{"line":312,"column":8},"end":{"line":312,"column":54},"skip":true},"75":{"start":{"line":313,"column":8},"end":{"line":313,"column":69},"skip":true},"76":{"start":{"line":314,"column":8},"end":{"line":322,"column":36},"skip":true},"77":{"start":{"line":315,"column":12},"end":{"line":315,"column":61},"skip":true},"78":{"start":{"line":316,"column":12},"end":{"line":319,"column":13},"skip":true},"79":{"start":{"line":317,"column":16},"end":{"line":317,"column":75},"skip":true},"80":{"start":{"line":318,"column":16},"end":{"line":318,"column":23},"skip":true},"81":{"start":{"line":320,"column":12},"end":{"line":320,"column":38},"skip":true},"82":{"start":{"line":321,"column":12},"end":{"line":321,"column":27},"skip":true},"83":{"start":{"line":323,"column":8},"end":{"line":323,"column":14},"skip":true}},"branchMap":{"1":{"line":39,"type":"binary-expr","locations":[{"start":{"line":39,"column":23},"end":{"line":39,"column":62}},{"start":{"line":40,"column":20},"end":{"line":40,"column":70}},{"start":{"line":41,"column":20},"end":{"line":41,"column":71}},{"start":{"line":42,"column":20},"end":{"line":42,"column":29}}]},"2":{"line":44,"type":"binary-expr","locations":[{"start":{"line":44,"column":23},"end":{"line":44,"column":37}},{"start":{"line":45,"column":20},"end":{"line":45,"column":61}},{"start":{"line":46,"column":20},"end":{"line":46,"column":70}},{"start":{"line":47,"column":20},"end":{"line":47,"column":26}}]},"3":{"line":51,"type":"cond-expr","locations":[{"start":{"line":52,"column":14},"end":{"line":52,"column":20}},{"start":{"line":53,"column":14},"end":{"line":53,"column":20}}]},"4":{"line":55,"type":"binary-expr","locations":[{"start":{"line":55,"column":16},"end":{"line":55,"column":44}},{"start":{"line":55,"column":49},"end":{"line":57,"column":43}}]},"5":{"line":55,"type":"cond-expr","locations":[{"start":{"line":56,"column":14},"end":{"line":56,"column":51}},{"start":{"line":57,"column":14},"end":{"line":57,"column":43}}]},"6":{"line":61,"type":"switch","locations":[{"start":{"line":68,"column":4},"end":{"line":150,"column":14},"skip":true},{"start":{"line":156,"column":4},"end":{"line":323,"column":14},"skip":true}]},"7":{"line":70,"type":"if","locations":[{"start":{"line":70,"column":12},"end":{"line":70,"column":12},"skip":true},{"start":{"line":70,"column":12},"end":{"line":70,"column":12},"skip":true}]},"8":{"line":70,"type":"binary-expr","locations":[{"start":{"line":70,"column":16},"end":{"line":70,"column":22},"skip":true},{"start":{"line":70,"column":27},"end":{"line":70,"column":32},"skip":true},{"start":{"line":71,"column":20},"end":{"line":71,"column":39},"skip":true},{"start":{"line":72,"column":20},"end":{"line":72,"column":49},"skip":true},{"start":{"line":73,"column":20},"end":{"line":73,"column":58},"skip":true},{"start":{"line":74,"column":20},"end":{"line":74,"column":69},"skip":true}]},"9":{"line":79,"type":"switch","locations":[{"start":{"line":80,"column":20},"end":{"line":80,"column":33},"skip":true},{"start":{"line":81,"column":20},"end":{"line":83,"column":30},"skip":true},{"start":{"line":84,"column":20},"end":{"line":85,"column":49},"skip":true}]},"10":{"line":89,"type":"switch","locations":[{"start":{"line":90,"column":12},"end":{"line":103,"column":22},"skip":true},{"start":{"line":105,"column":12},"end":{"line":106,"column":22},"skip":true}]},"11":{"line":89,"type":"binary-expr","locations":[{"start":{"line":89,"column":20},"end":{"line":89,"column":25},"skip":true},{"start":{"line":89,"column":29},"end":{"line":89,"column":48},"skip":true},{"start":{"line":89,"column":52},"end":{"line":89,"column":74},"skip":true}]},"12":{"line":92,"type":"if","locations":[{"start":{"line":92,"column":16},"end":{"line":92,"column":16},"skip":true},{"start":{"line":92,"column":16},"end":{"line":92,"column":16},"skip":true}]},"13":{"line":108,"type":"if","locations":[{"start":{"line":108,"column":12},"end":{"line":108,"column":12},"skip":true},{"start":{"line":108,"column":12},"end":{"line":108,"column":12},"skip":true}]},"14":{"line":108,"type":"binary-expr","locations":[{"start":{"line":108,"column":16},"end":{"line":108,"column":61},"skip":true},{"start":{"line":108,"column":66},"end":{"line":108,"column":72},"skip":true},{"start":{"line":108,"column":77},"end":{"line":108,"column":82},"skip":true},{"start":{"line":109,"column":20},"end":{"line":109,"column":39},"skip":true},{"start":{"line":110,"column":20},"end":{"line":110,"column":49},"skip":true},{"start":{"line":111,"column":20},"end":{"line":111,"column":58},"skip":true},{"start":{"line":112,"column":20},"end":{"line":112,"column":68},"skip":true}]},"15":{"line":129,"type":"if","locations":[{"start":{"line":129,"column":16},"end":{"line":129,"column":16},"skip":true},{"start":{"line":129,"column":16},"end":{"line":129,"column":16},"skip":true}]},"16":{"line":134,"type":"cond-expr","locations":[{"start":{"line":135,"column":26},"end":{"line":135,"column":29},"skip":true},{"start":{"line":136,"column":26},"end":{"line":136,"column":54},"skip":true}]},"17":{"line":164,"type":"binary-expr","locations":[{"start":{"line":164,"column":27},"end":{"line":164,"column":43},"skip":true},{"start":{"line":164,"column":47},"end":{"line":164,"column":49},"skip":true}]},"18":{"line":258,"type":"if","locations":[{"start":{"line":258,"column":8},"end":{"line":258,"column":8},"skip":true},{"start":{"line":258,"column":8},"end":{"line":258,"column":8},"skip":true}]},"19":{"line":275,"type":"switch","locations":[{"start":{"line":276,"column":20},"end":{"line":277,"column":64},"skip":true},{"start":{"line":278,"column":20},"end":{"line":279,"column":40},"skip":true},{"start":{"line":280,"column":20},"end":{"line":281,"column":40},"skip":true},{"start":{"line":282,"column":20},"end":{"line":283,"column":39},"skip":true}]},"20":{"line":288,"type":"if","locations":[{"start":{"line":288,"column":8},"end":{"line":288,"column":8},"skip":true},{"start":{"line":288,"column":8},"end":{"line":288,"column":8},"skip":true}]},"21":{"line":288,"type":"binary-expr","locations":[{"start":{"line":288,"column":12},"end":{"line":288,"column":40},"skip":true},{"start":{"line":288,"column":44},"end":{"line":288,"column":67},"skip":true}]},"22":{"line":292,"type":"binary-expr","locations":[{"start":{"line":292,"column":12},"end":{"line":292,"column":50},"skip":true},{"start":{"line":293,"column":12},"end":{"line":293,"column":53},"skip":true}]},"23":{"line":295,"type":"binary-expr","locations":[{"start":{"line":295,"column":12},"end":{"line":295,"column":65},"skip":true},{"start":{"line":296,"column":12},"end":{"line":301,"column":36},"skip":true}]},"24":{"line":302,"type":"binary-expr","locations":[{"start":{"line":302,"column":43},"end":{"line":302,"column":75},"skip":true},{"start":{"line":302,"column":79},"end":{"line":302,"column":81},"skip":true}]},"25":{"line":305,"type":"if","locations":[{"start":{"line":305,"column":8},"end":{"line":305,"column":8},"skip":true},{"start":{"line":305,"column":8},"end":{"line":305,"column":8},"skip":true}]},"26":{"line":309,"type":"if","locations":[{"start":{"line":309,"column":8},"end":{"line":309,"column":8},"skip":true},{"start":{"line":309,"column":8},"end":{"line":309,"column":8},"skip":true}]},"27":{"line":312,"type":"binary-expr","locations":[{"start":{"line":312,"column":27},"end":{"line":312,"column":43},"skip":true},{"start":{"line":312,"column":47},"end":{"line":312,"column":53},"skip":true}]},"28":{"line":316,"type":"if","locations":[{"start":{"line":316,"column":12},"end":{"line":316,"column":12},"skip":true},{"start":{"line":316,"column":12},"end":{"line":316,"column":12},"skip":true}]}},"code":["/*","example.js","","quickstart example","","instruction","    1. save this script as example.js","    2. run the shell command:","        $ npm install npmtest-signals && PORT=8081 node example.js","    3. play with the browser-demo on http://127.0.0.1:8081","*/","","","","/* istanbul instrument in package npmtest_signals */","/*jslint","    bitwise: true,","    browser: true,","    maxerr: 8,","    maxlen: 96,","    node: true,","    nomen: true,","    regexp: true,","    stupid: true","*/","(function () {","    'use strict';","    var local;","","","","    // run shared js-env code - pre-init","    (function () {","        // init local","        local = {};","        // init modeJs","        local.modeJs = (function () {","            try {","                return typeof navigator.userAgent === 'string' &&","                    typeof document.querySelector('body') === 'object' &&","                    typeof XMLHttpRequest.prototype.open === 'function' &&","                    'browser';","            } catch (errorCaughtBrowser) {","                return module.exports &&","                    typeof process.versions.node === 'string' &&","                    typeof require('http').createServer === 'function' &&","                    'node';","            }","        }());","        // init global","        local.global = local.modeJs === 'browser'","            ? window","            : global;","        // init utility2_rollup","        local = local.global.utility2_rollup || (local.modeJs === 'browser'","            ? local.global.utility2_npmtest_signals","            : global.utility2_moduleExports);","        // export local","        local.global.local = local;","    }());","    switch (local.modeJs) {","","","","    // post-init","    // run browser js-env code - post-init","    /* istanbul ignore next */","    case 'browser':","        local.testRunBrowser = function (event) {","            if (!event || (event &&","                    event.currentTarget &&","                    event.currentTarget.className &&","                    event.currentTarget.className.includes &&","                    event.currentTarget.className.includes('onreset'))) {","                // reset output","                Array.from(","                    document.querySelectorAll('body > .resettable')","                ).forEach(function (element) {","                    switch (element.tagName) {","                    case 'INPUT':","                    case 'TEXTAREA':","                        element.value = '';","                        break;","                    default:","                        element.textContent = '';","                    }","                });","            }","            switch (event && event.currentTarget && event.currentTarget.id) {","            case 'testRunButton1':","                // show tests","                if (document.querySelector('#testReportDiv1').style.display === 'none') {","                    document.querySelector('#testReportDiv1').style.display = 'block';","                    document.querySelector('#testRunButton1').textContent =","                        'hide internal test';","                    local.modeTest = true;","                    local.testRunDefault(local);","                // hide tests","                } else {","                    document.querySelector('#testReportDiv1').style.display = 'none';","                    document.querySelector('#testRunButton1').textContent = 'run internal test';","                }","                break;","            // custom-case","            default:","                break;","            }","            if (document.querySelector('#inputTextareaEval1') && (!event || (event &&","                    event.currentTarget &&","                    event.currentTarget.className &&","                    event.currentTarget.className.includes &&","                    event.currentTarget.className.includes('oneval')))) {","                // try to eval input-code","                try {","                    /*jslint evil: true*/","                    eval(document.querySelector('#inputTextareaEval1').value);","                } catch (errorCaught) {","                    console.error(errorCaught);","                }","            }","        };","        // log stderr and stdout to #outputTextareaStdout1","        ['error', 'log'].forEach(function (key) {","            console[key + '_original'] = console[key];","            console[key] = function () {","                var element;","                console[key + '_original'].apply(console, arguments);","                element = document.querySelector('#outputTextareaStdout1');","                if (!element) {","                    return;","                }","                // append text to #outputTextareaStdout1","                element.value += Array.from(arguments).map(function (arg) {","                    return typeof arg === 'string'","                        ? arg","                        : JSON.stringify(arg, null, 4);","                }).join(' ') + '\\n';","                // scroll textarea to bottom","                element.scrollTop = element.scrollHeight;","            };","        });","        // init event-handling","        ['change', 'click', 'keyup'].forEach(function (event) {","            Array.from(document.querySelectorAll('.on' + event)).forEach(function (element) {","                element.addEventListener(event, local.testRunBrowser);","            });","        });","        // run tests","        local.testRunBrowser();","        break;","","","","    // run node js-env code - post-init","    /* istanbul ignore next */","    case 'node':","        // export local","        module.exports = local;","        // require modules","        local.fs = require('fs');","        local.http = require('http');","        local.url = require('url');","        // init assets","        local.assetsDict = local.assetsDict || {};","        /* jslint-ignore-begin */","        local.assetsDict['/assets.index.template.html'] = '\\","<!doctype html>\\n\\","<html lang=\"en\">\\n\\","<head>\\n\\","<meta charset=\"UTF-8\">\\n\\","<meta name=\"viewport\" content=\"width=device-width, initial-scale=1\">\\n\\","<title>{{env.npm_package_name}} (v{{env.npm_package_version}})</title>\\n\\","<style>\\n\\","/*csslint\\n\\","    box-sizing: false,\\n\\","    universal-selector: false\\n\\","*/\\n\\","* {\\n\\","    box-sizing: border-box;\\n\\","}\\n\\","body {\\n\\","    background: #dde;\\n\\","    font-family: Arial, Helvetica, sans-serif;\\n\\","    margin: 2rem;\\n\\","}\\n\\","body > * {\\n\\","    margin-bottom: 1rem;\\n\\","}\\n\\",".utility2FooterDiv {\\n\\","    margin-top: 20px;\\n\\","    text-align: center;\\n\\","}\\n\\","</style>\\n\\","<style>\\n\\","/*csslint\\n\\","*/\\n\\","textarea {\\n\\","    font-family: monospace;\\n\\","    height: 10rem;\\n\\","    width: 100%;\\n\\","}\\n\\","textarea[readonly] {\\n\\","    background: #ddd;\\n\\","}\\n\\","</style>\\n\\","</head>\\n\\","<body>\\n\\","<!-- utility2-comment\\n\\","<div id=\"ajaxProgressDiv1\" style=\"background: #d00; height: 2px; left: 0; margin: 0; padding: 0; position: fixed; top: 0; transition: background 0.5s, width 1.5s; width: 25%;\"></div>\\n\\","utility2-comment -->\\n\\","<h1>\\n\\","<!-- utility2-comment\\n\\","    <a\\n\\","        {{#if env.npm_package_homepage}}\\n\\","        href=\"{{env.npm_package_homepage}}\"\\n\\","        {{/if env.npm_package_homepage}}\\n\\","        target=\"_blank\"\\n\\","    >\\n\\","utility2-comment -->\\n\\","        {{env.npm_package_name}} (v{{env.npm_package_version}})\\n\\","<!-- utility2-comment\\n\\","    </a>\\n\\","utility2-comment -->\\n\\","</h1>\\n\\","<h3>{{env.npm_package_description}}</h3>\\n\\","<!-- utility2-comment\\n\\","<h4><a download href=\"assets.app.js\">download standalone app</a></h4>\\n\\","<button class=\"onclick onreset\" id=\"testRunButton1\">run internal test</button><br>\\n\\","<div id=\"testReportDiv1\" style=\"display: none;\"></div>\\n\\","utility2-comment -->\\n\\","\\n\\","\\n\\","\\n\\","<label>stderr and stdout</label>\\n\\","<textarea class=\"resettable\" id=\"outputTextareaStdout1\" readonly></textarea>\\n\\","<!-- utility2-comment\\n\\","{{#if isRollup}}\\n\\","<script src=\"assets.app.js\"></script>\\n\\","{{#unless isRollup}}\\n\\","utility2-comment -->\\n\\","<script src=\"assets.utility2.rollup.js\"></script>\\n\\","<script src=\"jsonp.utility2._stateInit?callback=window.utility2._stateInit\"></script>\\n\\","<script src=\"assets.npmtest_signals.rollup.js\"></script>\\n\\","<script src=\"assets.example.js\"></script>\\n\\","<script src=\"assets.test.js\"></script>\\n\\","<!-- utility2-comment\\n\\","{{/if isRollup}}\\n\\","utility2-comment -->\\n\\","<div class=\"utility2FooterDiv\">\\n\\","    [ this app was created with\\n\\","    <a href=\"https://github.com/kaizhu256/node-utility2\" target=\"_blank\">utility2</a>\\n\\","    ]\\n\\","</div>\\n\\","</body>\\n\\","</html>\\n\\","';","        /* jslint-ignore-end */","        if (local.templateRender) {","            local.assetsDict['/'] = local.templateRender(","                local.assetsDict['/assets.index.template.html'],","                {","                    env: local.objectSetDefault(local.env, {","                        npm_package_description: 'the greatest app in the world!',","                        npm_package_name: 'my-app',","                        npm_package_nameAlias: 'my_app',","                        npm_package_version: '0.0.1'","                    })","                }","            );","        } else {","            local.assetsDict['/'] = local.assetsDict['/assets.index.template.html']","                .replace((/\\{\\{env\\.(\\w+?)\\}\\}/g), function (match0, match1) {","                    // jslint-hack","                    String(match0);","                    switch (match1) {","                    case 'npm_package_description':","                        return 'the greatest app in the world!';","                    case 'npm_package_name':","                        return 'my-app';","                    case 'npm_package_nameAlias':","                        return 'my_app';","                    case 'npm_package_version':","                        return '0.0.1';","                    }","                });","        }","        // run the cli","        if (local.global.utility2_rollup || module !== require.main) {","            break;","        }","        local.assetsDict['/assets.example.js'] =","            local.assetsDict['/assets.example.js'] ||","            local.fs.readFileSync(__filename, 'utf8');","        local.assetsDict['/assets.npmtest_signals.rollup.js'] =","            local.assetsDict['/assets.npmtest_signals.rollup.js'] ||","            local.fs.readFileSync(","                // buildCustomOrg-hack","                local.npmtest_signals.__dirname +","                    '/lib.npmtest_signals.js',","                'utf8'","            ).replace((/^#!/), '//');","        local.assetsDict['/favicon.ico'] = local.assetsDict['/favicon.ico'] || '';","        // if $npm_config_timeout_exit exists,","        // then exit this process after $npm_config_timeout_exit ms","        if (Number(process.env.npm_config_timeout_exit)) {","            setTimeout(process.exit, Number(process.env.npm_config_timeout_exit));","        }","        // start server","        if (local.global.utility2_serverHttp1) {","            break;","        }","        process.env.PORT = process.env.PORT || '8081';","        console.error('server starting on port ' + process.env.PORT);","        local.http.createServer(function (request, response) {","            request.urlParsed = local.url.parse(request.url);","            if (local.assetsDict[request.urlParsed.pathname] !== undefined) {","                response.end(local.assetsDict[request.urlParsed.pathname]);","                return;","            }","            response.statusCode = 404;","            response.end();","        }).listen(process.env.PORT);","        break;","    }","}());",""],"l":{"26":2,"28":2,"33":2,"35":2,"37":2,"38":2,"39":2,"44":1,"51":2,"55":2,"59":2,"61":2,"69":1,"70":2,"76":2,"79":2,"82":2,"83":2,"85":1,"89":2,"92":1,"93":1,"94":1,"96":1,"97":1,"100":1,"101":1,"103":1,"106":1,"108":2,"114":1,"116":1,"118":1,"123":1,"124":2,"125":2,"126":3,"127":3,"128":3,"129":3,"130":1,"133":3,"134":3,"139":3,"143":1,"144":3,"145":1,"149":1,"150":1,"158":1,"160":1,"161":1,"162":1,"164":1,"166":1,"258":1,"259":1,"271":1,"274":6,"275":6,"277":1,"279":2,"281":1,"283":2,"288":1,"289":1,"291":1,"294":1,"302":1,"305":1,"306":1,"309":1,"310":1,"312":1,"313":1,"314":1,"315":1,"316":1,"317":1,"318":1,"320":1,"321":1,"323":1}},"/home/travis/build/npmtest/node-npmtest-signals/node_modules/signals/dist/signals.js":{"path":"/home/travis/build/npmtest/node-npmtest-signals/node_modules/signals/dist/signals.js","s":{"1":1,"2":1,"3":0,"4":0,"5":0,"6":0,"7":0,"8":1,"9":0,"10":0,"11":0,"12":0,"13":0,"14":0,"15":0,"16":0,"17":0,"18":0,"19":0,"20":0,"21":0,"22":0,"23":0,"24":0,"25":1,"26":0,"27":0,"28":1,"29":0,"30":0,"31":0,"32":0,"33":0,"34":1,"35":0,"36":0,"37":0,"38":0,"39":0,"40":0,"41":0,"42":0,"43":0,"44":0,"45":0,"46":0,"47":0,"48":0,"49":0,"50":0,"51":0,"52":0,"53":0,"54":0,"55":0,"56":0,"57":0,"58":0,"59":0,"60":0,"61":0,"62":0,"63":0,"64":0,"65":0,"66":0,"67":0,"68":0,"69":0,"70":0,"71":0,"72":0,"73":0,"74":0,"75":0,"76":0,"77":0,"78":0,"79":0,"80":0,"81":0,"82":0,"83":0,"84":0,"85":0,"86":0,"87":0,"88":1,"89":1,"90":1,"91":0,"92":0,"93":1,"94":1,"95":0},"b":{"1":[0,0],"2":[0,0],"3":[0,0],"4":[0,0],"5":[0,0],"6":[0,0],"7":[0,0],"8":[0,0],"9":[0,0],"10":[0,0],"11":[0,0],"12":[0,0],"13":[0,0],"14":[0,0],"15":[0,0],"16":[0,0],"17":[0,0],"18":[0,0],"19":[0,0],"20":[0,0],"21":[0,0],"22":[0,0,0],"23":[0,1],"24":[1,0],"25":[1,0],"26":[1,1]},"f":{"1":1,"2":0,"3":0,"4":0,"5":0,"6":0,"7":0,"8":0,"9":0,"10":0,"11":0,"12":0,"13":0,"14":0,"15":0,"16":0,"17":0,"18":0,"19":0,"20":0,"21":0,"22":0,"23":0,"24":0,"25":0,"26":0,"27":0,"28":0},"fnMap":{"1":{"name":"(anonymous_1)","line":11,"loc":{"start":{"line":11,"column":1},"end":{"line":11,"column":17}}},"2":{"name":"SignalBinding","line":30,"loc":{"start":{"line":30,"column":4},"end":{"line":30,"column":80}}},"3":{"name":"(anonymous_3)","line":89,"loc":{"start":{"line":89,"column":18},"end":{"line":89,"column":39}}},"4":{"name":"(anonymous_4)","line":106,"loc":{"start":{"line":106,"column":17},"end":{"line":106,"column":29}}},"5":{"name":"(anonymous_5)","line":113,"loc":{"start":{"line":113,"column":18},"end":{"line":113,"column":30}}},"6":{"name":"(anonymous_6)","line":120,"loc":{"start":{"line":120,"column":17},"end":{"line":120,"column":29}}},"7":{"name":"(anonymous_7)","line":127,"loc":{"start":{"line":127,"column":22},"end":{"line":127,"column":34}}},"8":{"name":"(anonymous_8)","line":134,"loc":{"start":{"line":134,"column":20},"end":{"line":134,"column":32}}},"9":{"name":"(anonymous_9)","line":142,"loc":{"start":{"line":142,"column":19},"end":{"line":142,"column":31}}},"10":{"name":"(anonymous_10)","line":151,"loc":{"start":{"line":151,"column":19},"end":{"line":151,"column":31}}},"11":{"name":"validateListener","line":163,"loc":{"start":{"line":163,"column":4},"end":{"line":163,"column":48}}},"12":{"name":"Signal","line":176,"loc":{"start":{"line":176,"column":4},"end":{"line":176,"column":22}}},"13":{"name":"(anonymous_13)","line":186,"loc":{"start":{"line":186,"column":24},"end":{"line":186,"column":34}}},"14":{"name":"(anonymous_14)","line":229,"loc":{"start":{"line":229,"column":28},"end":{"line":229,"column":83}}},"15":{"name":"(anonymous_15)","line":255,"loc":{"start":{"line":255,"column":22},"end":{"line":255,"column":41}}},"16":{"name":"(anonymous_16)","line":267,"loc":{"start":{"line":267,"column":27},"end":{"line":267,"column":56}}},"17":{"name":"(anonymous_17)","line":285,"loc":{"start":{"line":285,"column":14},"end":{"line":285,"column":43}}},"18":{"name":"(anonymous_18)","line":296,"loc":{"start":{"line":296,"column":14},"end":{"line":296,"column":61}}},"19":{"name":"(anonymous_19)","line":308,"loc":{"start":{"line":308,"column":18},"end":{"line":308,"column":65}}},"20":{"name":"(anonymous_20)","line":319,"loc":{"start":{"line":319,"column":17},"end":{"line":319,"column":46}}},"21":{"name":"(anonymous_21)","line":333,"loc":{"start":{"line":333,"column":20},"end":{"line":333,"column":32}}},"22":{"name":"(anonymous_22)","line":344,"loc":{"start":{"line":344,"column":26},"end":{"line":344,"column":38}}},"23":{"name":"(anonymous_23)","line":353,"loc":{"start":{"line":353,"column":15},"end":{"line":353,"column":27}}},"24":{"name":"(anonymous_24)","line":361,"loc":{"start":{"line":361,"column":19},"end":{"line":361,"column":37}}},"25":{"name":"(anonymous_25)","line":391,"loc":{"start":{"line":391,"column":17},"end":{"line":391,"column":27}}},"26":{"name":"(anonymous_26)","line":399,"loc":{"start":{"line":399,"column":18},"end":{"line":399,"column":30}}},"27":{"name":"(anonymous_27)","line":408,"loc":{"start":{"line":408,"column":19},"end":{"line":408,"column":31}}},"28":{"name":"(anonymous_28)","line":436,"loc":{"start":{"line":436,"column":15},"end":{"line":436,"column":27}}}},"statementMap":{"1":{"start":{"line":11,"column":0},"end":{"line":445,"column":9}},"2":{"start":{"line":30,"column":4},"end":{"line":67,"column":5}},"3":{"start":{"line":37,"column":8},"end":{"line":37,"column":34}},"4":{"start":{"line":44,"column":8},"end":{"line":44,"column":30}},"5":{"start":{"line":52,"column":8},"end":{"line":52,"column":39}},"6":{"start":{"line":59,"column":8},"end":{"line":59,"column":30}},"7":{"start":{"line":66,"column":8},"end":{"line":66,"column":39}},"8":{"start":{"line":69,"column":4},"end":{"line":155,"column":6}},"9":{"start":{"line":90,"column":12},"end":{"line":90,"column":38}},"10":{"start":{"line":91,"column":12},"end":{"line":97,"column":13}},"11":{"start":{"line":92,"column":16},"end":{"line":92,"column":80}},"12":{"start":{"line":93,"column":16},"end":{"line":93,"column":75}},"13":{"start":{"line":94,"column":16},"end":{"line":96,"column":17}},"14":{"start":{"line":95,"column":20},"end":{"line":95,"column":34}},"15":{"start":{"line":98,"column":12},"end":{"line":98,"column":33}},"16":{"start":{"line":107,"column":12},"end":{"line":107,"column":92}},"17":{"start":{"line":114,"column":12},"end":{"line":114,"column":56}},"18":{"start":{"line":121,"column":12},"end":{"line":121,"column":32}},"19":{"start":{"line":128,"column":12},"end":{"line":128,"column":34}},"20":{"start":{"line":135,"column":12},"end":{"line":135,"column":32}},"21":{"start":{"line":143,"column":12},"end":{"line":143,"column":32}},"22":{"start":{"line":144,"column":12},"end":{"line":144,"column":34}},"23":{"start":{"line":145,"column":12},"end":{"line":145,"column":32}},"24":{"start":{"line":152,"column":12},"end":{"line":152,"column":122}},"25":{"start":{"line":163,"column":4},"end":{"line":167,"column":5}},"26":{"start":{"line":164,"column":8},"end":{"line":166,"column":9}},"27":{"start":{"line":165,"column":12},"end":{"line":165,"column":122}},"28":{"start":{"line":176,"column":4},"end":{"line":189,"column":5}},"29":{"start":{"line":181,"column":8},"end":{"line":181,"column":28}},"30":{"start":{"line":182,"column":8},"end":{"line":182,"column":32}},"31":{"start":{"line":185,"column":8},"end":{"line":185,"column":24}},"32":{"start":{"line":186,"column":8},"end":{"line":188,"column":10}},"33":{"start":{"line":187,"column":12},"end":{"line":187,"column":61}},"34":{"start":{"line":191,"column":4},"end":{"line":412,"column":6}},"35":{"start":{"line":231,"column":12},"end":{"line":232,"column":24}},"36":{"start":{"line":234,"column":12},"end":{"line":242,"column":13}},"37":{"start":{"line":235,"column":16},"end":{"line":235,"column":52}},"38":{"start":{"line":236,"column":16},"end":{"line":238,"column":17}},"39":{"start":{"line":237,"column":20},"end":{"line":237,"column":181}},"40":{"start":{"line":240,"column":16},"end":{"line":240,"column":95}},"41":{"start":{"line":241,"column":16},"end":{"line":241,"column":42}},"42":{"start":{"line":244,"column":12},"end":{"line":246,"column":13}},"43":{"start":{"line":245,"column":16},"end":{"line":245,"column":50}},"44":{"start":{"line":248,"column":12},"end":{"line":248,"column":27}},"45":{"start":{"line":257,"column":12},"end":{"line":257,"column":42}},"46":{"start":{"line":258,"column":12},"end":{"line":258,"column":102}},"47":{"start":{"line":258,"column":17},"end":{"line":258,"column":21}},"48":{"start":{"line":259,"column":12},"end":{"line":259,"column":53}},"49":{"start":{"line":268,"column":12},"end":{"line":269,"column":20}},"50":{"start":{"line":270,"column":12},"end":{"line":275,"column":13}},"51":{"start":{"line":271,"column":16},"end":{"line":271,"column":40}},"52":{"start":{"line":272,"column":16},"end":{"line":274,"column":17}},"53":{"start":{"line":273,"column":20},"end":{"line":273,"column":29}},"54":{"start":{"line":276,"column":12},"end":{"line":276,"column":22}},"55":{"start":{"line":286,"column":12},"end":{"line":286,"column":67}},"56":{"start":{"line":297,"column":12},"end":{"line":297,"column":46}},"57":{"start":{"line":298,"column":12},"end":{"line":298,"column":86}},"58":{"start":{"line":309,"column":12},"end":{"line":309,"column":50}},"59":{"start":{"line":310,"column":12},"end":{"line":310,"column":85}},"60":{"start":{"line":320,"column":12},"end":{"line":320,"column":49}},"61":{"start":{"line":322,"column":12},"end":{"line":322,"column":61}},"62":{"start":{"line":323,"column":12},"end":{"line":326,"column":13}},"63":{"start":{"line":324,"column":16},"end":{"line":324,"column":45}},"64":{"start":{"line":325,"column":16},"end":{"line":325,"column":44}},"65":{"start":{"line":327,"column":12},"end":{"line":327,"column":28}},"66":{"start":{"line":334,"column":12},"end":{"line":334,"column":42}},"67":{"start":{"line":335,"column":12},"end":{"line":337,"column":13}},"68":{"start":{"line":336,"column":16},"end":{"line":336,"column":45}},"69":{"start":{"line":338,"column":12},"end":{"line":338,"column":38}},"70":{"start":{"line":345,"column":12},"end":{"line":345,"column":41}},"71":{"start":{"line":354,"column":12},"end":{"line":354,"column":42}},"72":{"start":{"line":362,"column":12},"end":{"line":364,"column":13}},"73":{"start":{"line":363,"column":16},"end":{"line":363,"column":23}},"74":{"start":{"line":366,"column":12},"end":{"line":368,"column":25}},"75":{"start":{"line":370,"column":12},"end":{"line":372,"column":13}},"76":{"start":{"line":371,"column":16},"end":{"line":371,"column":45}},"77":{"start":{"line":374,"column":12},"end":{"line":377,"column":13}},"78":{"start":{"line":376,"column":16},"end":{"line":376,"column":23}},"79":{"start":{"line":379,"column":12},"end":{"line":379,"column":46}},"80":{"start":{"line":380,"column":12},"end":{"line":380,"column":41}},"81":{"start":{"line":384,"column":12},"end":{"line":384,"column":113}},"82":{"start":{"line":384,"column":17},"end":{"line":384,"column":21}},"83":{"start":{"line":392,"column":12},"end":{"line":392,"column":36}},"84":{"start":{"line":400,"column":12},"end":{"line":400,"column":29}},"85":{"start":{"line":401,"column":12},"end":{"line":401,"column":34}},"86":{"start":{"line":402,"column":12},"end":{"line":402,"column":36}},"87":{"start":{"line":409,"column":12},"end":{"line":409,"column":97}},"88":{"start":{"line":423,"column":4},"end":{"line":423,"column":25}},"89":{"start":{"line":430,"column":4},"end":{"line":430,"column":28}},"90":{"start":{"line":435,"column":4},"end":{"line":443,"column":5}},"91":{"start":{"line":436,"column":8},"end":{"line":436,"column":48}},"92":{"start":{"line":436,"column":29},"end":{"line":436,"column":44}},"93":{"start":{"line":437,"column":11},"end":{"line":443,"column":5}},"94":{"start":{"line":438,"column":8},"end":{"line":438,"column":33}},"95":{"start":{"line":442,"column":8},"end":{"line":442,"column":36}}},"branchMap":{"1":{"line":66,"type":"binary-expr","locations":[{"start":{"line":66,"column":25},"end":{"line":66,"column":33}},{"start":{"line":66,"column":37},"end":{"line":66,"column":38}}]},"2":{"line":91,"type":"if","locations":[{"start":{"line":91,"column":12},"end":{"line":91,"column":12}},{"start":{"line":91,"column":12},"end":{"line":91,"column":12}}]},"3":{"line":91,"type":"binary-expr","locations":[{"start":{"line":91,"column":16},"end":{"line":91,"column":27}},{"start":{"line":91,"column":31},"end":{"line":91,"column":47}}]},"4":{"line":92,"type":"cond-expr","locations":[{"start":{"line":92,"column":38},"end":{"line":92,"column":67}},{"start":{"line":92,"column":70},"end":{"line":92,"column":79}}]},"5":{"line":94,"type":"if","locations":[{"start":{"line":94,"column":16},"end":{"line":94,"column":16}},{"start":{"line":94,"column":16},"end":{"line":94,"column":16}}]},"6":{"line":107,"type":"cond-expr","locations":[{"start":{"line":107,"column":35},"end":{"line":107,"column":84}},{"start":{"line":107,"column":87},"end":{"line":107,"column":91}}]},"7":{"line":114,"type":"binary-expr","locations":[{"start":{"line":114,"column":20},"end":{"line":114,"column":34}},{"start":{"line":114,"column":38},"end":{"line":114,"column":54}}]},"8":{"line":164,"type":"if","locations":[{"start":{"line":164,"column":8},"end":{"line":164,"column":8}},{"start":{"line":164,"column":8},"end":{"line":164,"column":8}}]},"9":{"line":234,"type":"if","locations":[{"start":{"line":234,"column":12},"end":{"line":234,"column":12}},{"start":{"line":234,"column":12},"end":{"line":234,"column":12}}]},"10":{"line":236,"type":"if","locations":[{"start":{"line":236,"column":16},"end":{"line":236,"column":16}},{"start":{"line":236,"column":16},"end":{"line":236,"column":16}}]},"11":{"line":237,"type":"cond-expr","locations":[{"start":{"line":237,"column":63},"end":{"line":237,"column":65}},{"start":{"line":237,"column":68},"end":{"line":237,"column":74}}]},"12":{"line":237,"type":"cond-expr","locations":[{"start":{"line":237,"column":102},"end":{"line":237,"column":104}},{"start":{"line":237,"column":107},"end":{"line":237,"column":113}}]},"13":{"line":244,"type":"if","locations":[{"start":{"line":244,"column":12},"end":{"line":244,"column":12}},{"start":{"line":244,"column":12},"end":{"line":244,"column":12}}]},"14":{"line":244,"type":"binary-expr","locations":[{"start":{"line":244,"column":15},"end":{"line":244,"column":28}},{"start":{"line":244,"column":32},"end":{"line":244,"column":48}}]},"15":{"line":258,"type":"binary-expr","locations":[{"start":{"line":258,"column":31},"end":{"line":258,"column":48}},{"start":{"line":258,"column":52},"end":{"line":258,"column":100}}]},"16":{"line":272,"type":"if","locations":[{"start":{"line":272,"column":16},"end":{"line":272,"column":16}},{"start":{"line":272,"column":16},"end":{"line":272,"column":16}}]},"17":{"line":272,"type":"binary-expr","locations":[{"start":{"line":272,"column":20},"end":{"line":272,"column":46}},{"start":{"line":272,"column":50},"end":{"line":272,"column":73}}]},"18":{"line":323,"type":"if","locations":[{"start":{"line":323,"column":12},"end":{"line":323,"column":12}},{"start":{"line":323,"column":12},"end":{"line":323,"column":12}}]},"19":{"line":362,"type":"if","locations":[{"start":{"line":362,"column":12},"end":{"line":362,"column":12}},{"start":{"line":362,"column":12},"end":{"line":362,"column":12}}]},"20":{"line":370,"type":"if","locations":[{"start":{"line":370,"column":12},"end":{"line":370,"column":12}},{"start":{"line":370,"column":12},"end":{"line":370,"column":12}}]},"21":{"line":374,"type":"if","locations":[{"start":{"line":374,"column":12},"end":{"line":374,"column":12}},{"start":{"line":374,"column":12},"end":{"line":374,"column":12}}]},"22":{"line":384,"type":"binary-expr","locations":[{"start":{"line":384,"column":31},"end":{"line":384,"column":42}},{"start":{"line":384,"column":46},"end":{"line":384,"column":67}},{"start":{"line":384,"column":71},"end":{"line":384,"column":111}}]},"23":{"line":435,"type":"if","locations":[{"start":{"line":435,"column":4},"end":{"line":435,"column":4}},{"start":{"line":435,"column":4},"end":{"line":435,"column":4}}]},"24":{"line":435,"type":"binary-expr","locations":[{"start":{"line":435,"column":7},"end":{"line":435,"column":35}},{"start":{"line":435,"column":39},"end":{"line":435,"column":49}}]},"25":{"line":437,"type":"if","locations":[{"start":{"line":437,"column":11},"end":{"line":437,"column":11}},{"start":{"line":437,"column":11},"end":{"line":437,"column":11}}]},"26":{"line":437,"type":"binary-expr","locations":[{"start":{"line":437,"column":15},"end":{"line":437,"column":44}},{"start":{"line":437,"column":48},"end":{"line":437,"column":62}}]}},"code":["/*jslint onevar:true, undef:true, newcap:true, regexp:true, bitwise:true, maxerr:50, indent:4, white:false, nomen:false, plusplus:false */","/*global define:false, require:false, exports:false, module:false, signals:false */","","/** @license"," * JS Signals <http://millermedeiros.github.com/js-signals/>"," * Released under the MIT license"," * Author: Miller Medeiros"," * Version: 1.0.0 - Build: 268 (2012/11/29 05:48 PM)"," */","","(function(global){","","    // SignalBinding -------------------------------------------------","    //================================================================","","    /**","     * Object that represents a binding between a Signal and a listener function.","     * <br />- <strong>This is an internal constructor and shouldn't be called by regular users.</strong>","     * <br />- inspired by Joa Ebert AS3 SignalBinding and Robert Penner's Slot classes.","     * @author Miller Medeiros","     * @constructor","     * @internal","     * @name SignalBinding","     * @param {Signal} signal Reference to Signal object that listener is currently bound to.","     * @param {Function} listener Handler function bound to the signal.","     * @param {boolean} isOnce If binding should be executed just once.","     * @param {Object} [listenerContext] Context on which listener will be executed (object that should represent the `this` variable inside listener function).","     * @param {Number} [priority] The priority level of the event listener. (default = 0).","     */","    function SignalBinding(signal, listener, isOnce, listenerContext, priority) {","","        /**","         * Handler function bound to the signal.","         * @type Function","         * @private","         */","        this._listener = listener;","","        /**","         * If binding should be executed just once.","         * @type boolean","         * @private","         */","        this._isOnce = isOnce;","","        /**","         * Context on which listener will be executed (object that should represent the `this` variable inside listener function).","         * @memberOf SignalBinding.prototype","         * @name context","         * @type Object|undefined|null","         */","        this.context = listenerContext;","","        /**","         * Reference to Signal object that listener is currently bound to.","         * @type Signal","         * @private","         */","        this._signal = signal;","","        /**","         * Listener priority","         * @type Number","         * @private","         */","        this._priority = priority || 0;","    }","","    SignalBinding.prototype = {","","        /**","         * If binding is active and should be executed.","         * @type boolean","         */","        active : true,","","        /**","         * Default parameters passed to listener during `Signal.dispatch` and `SignalBinding.execute`. (curried parameters)","         * @type Array|null","         */","        params : null,","","        /**","         * Call listener passing arbitrary parameters.","         * <p>If binding was added using `Signal.addOnce()` it will be automatically removed from signal dispatch queue, this method is used internally for the signal dispatch.</p>","         * @param {Array} [paramsArr] Array of parameters that should be passed to the listener","         * @return {*} Value returned by the listener.","         */","        execute : function (paramsArr) {","            var handlerReturn, params;","            if (this.active && !!this._listener) {","                params = this.params? this.params.concat(paramsArr) : paramsArr;","                handlerReturn = this._listener.apply(this.context, params);","                if (this._isOnce) {","                    this.detach();","                }","            }","            return handlerReturn;","        },","","        /**","         * Detach binding from signal.","         * - alias to: mySignal.remove(myBinding.getListener());","         * @return {Function|null} Handler function bound to the signal or `null` if binding was previously detached.","         */","        detach : function () {","            return this.isBound()? this._signal.remove(this._listener, this.context) : null;","        },","","        /**","         * @return {Boolean} `true` if binding is still bound to the signal and have a listener.","         */","        isBound : function () {","            return (!!this._signal && !!this._listener);","        },","","        /**","         * @return {boolean} If SignalBinding will only be executed once.","         */","        isOnce : function () {","            return this._isOnce;","        },","","        /**","         * @return {Function} Handler function bound to the signal.","         */","        getListener : function () {","            return this._listener;","        },","","        /**","         * @return {Signal} Signal that listener is currently bound to.","         */","        getSignal : function () {","            return this._signal;","        },","","        /**","         * Delete instance properties","         * @private","         */","        _destroy : function () {","            delete this._signal;","            delete this._listener;","            delete this.context;","        },","","        /**","         * @return {string} String representation of the object.","         */","        toString : function () {","            return '[SignalBinding isOnce:' + this._isOnce +', isBound:'+ this.isBound() +', active:' + this.active + ']';","        }","","    };","","","/*global SignalBinding:false*/","","    // Signal --------------------------------------------------------","    //================================================================","","    function validateListener(listener, fnName) {","        if (typeof listener !== 'function') {","            throw new Error( 'listener is a required param of {fn}() and should be a Function.'.replace('{fn}', fnName) );","        }","    }","","    /**","     * Custom event broadcaster","     * <br />- inspired by Robert Penner's AS3 Signals.","     * @name Signal","     * @author Miller Medeiros","     * @constructor","     */","    function Signal() {","        /**","         * @type Array.<SignalBinding>","         * @private","         */","        this._bindings = [];","        this._prevParams = null;","","        // enforce dispatch to aways work on same context (#47)","        var self = this;","        this.dispatch = function(){","            Signal.prototype.dispatch.apply(self, arguments);","        };","    }","","    Signal.prototype = {","","        /**","         * Signals Version Number","         * @type String","         * @const","         */","        VERSION : '1.0.0',","","        /**","         * If Signal should keep record of previously dispatched parameters and","         * automatically execute listener during `add()`/`addOnce()` if Signal was","         * already dispatched before.","         * @type boolean","         */","        memorize : false,","","        /**","         * @type boolean","         * @private","         */","        _shouldPropagate : true,","","        /**","         * If Signal is active and should broadcast events.","         * <p><strong>IMPORTANT:</strong> Setting this property during a dispatch will only affect the next dispatch, if you want to stop the propagation of a signal use `halt()` instead.</p>","         * @type boolean","         */","        active : true,","","        /**","         * @param {Function} listener","         * @param {boolean} isOnce","         * @param {Object} [listenerContext]","         * @param {Number} [priority]","         * @return {SignalBinding}","         * @private","         */","        _registerListener : function (listener, isOnce, listenerContext, priority) {","","            var prevIndex = this._indexOfListener(listener, listenerContext),","                binding;","","            if (prevIndex !== -1) {","                binding = this._bindings[prevIndex];","                if (binding.isOnce() !== isOnce) {","                    throw new Error('You cannot add'+ (isOnce? '' : 'Once') +'() then add'+ (!isOnce? '' : 'Once') +'() the same listener without removing the relationship first.');","                }","            } else {","                binding = new SignalBinding(this, listener, isOnce, listenerContext, priority);","                this._addBinding(binding);","            }","","            if(this.memorize && this._prevParams){","                binding.execute(this._prevParams);","            }","","            return binding;","        },","","        /**","         * @param {SignalBinding} binding","         * @private","         */","        _addBinding : function (binding) {","            //simplified insertion sort","            var n = this._bindings.length;","            do { --n; } while (this._bindings[n] && binding._priority <= this._bindings[n]._priority);","            this._bindings.splice(n + 1, 0, binding);","        },","","        /**","         * @param {Function} listener","         * @return {number}","         * @private","         */","        _indexOfListener : function (listener, context) {","            var n = this._bindings.length,","                cur;","            while (n--) {","                cur = this._bindings[n];","                if (cur._listener === listener && cur.context === context) {","                    return n;","                }","            }","            return -1;","        },","","        /**","         * Check if listener was attached to Signal.","         * @param {Function} listener","         * @param {Object} [context]","         * @return {boolean} if Signal has the specified listener.","         */","        has : function (listener, context) {","            return this._indexOfListener(listener, context) !== -1;","        },","","        /**","         * Add a listener to the signal.","         * @param {Function} listener Signal handler function.","         * @param {Object} [listenerContext] Context on which listener will be executed (object that should represent the `this` variable inside listener function).","         * @param {Number} [priority] The priority level of the event listener. Listeners with higher priority will be executed before listeners with lower priority. Listeners with same priority level will be executed at the same order as they were added. (default = 0)","         * @return {SignalBinding} An Object representing the binding between the Signal and listener.","         */","        add : function (listener, listenerContext, priority) {","            validateListener(listener, 'add');","            return this._registerListener(listener, false, listenerContext, priority);","        },","","        /**","         * Add listener to the signal that should be removed after first execution (will be executed only once).","         * @param {Function} listener Signal handler function.","         * @param {Object} [listenerContext] Context on which listener will be executed (object that should represent the `this` variable inside listener function).","         * @param {Number} [priority] The priority level of the event listener. Listeners with higher priority will be executed before listeners with lower priority. Listeners with same priority level will be executed at the same order as they were added. (default = 0)","         * @return {SignalBinding} An Object representing the binding between the Signal and listener.","         */","        addOnce : function (listener, listenerContext, priority) {","            validateListener(listener, 'addOnce');","            return this._registerListener(listener, true, listenerContext, priority);","        },","","        /**","         * Remove a single listener from the dispatch queue.","         * @param {Function} listener Handler function that should be removed.","         * @param {Object} [context] Execution context (since you can add the same handler multiple times if executing in a different context).","         * @return {Function} Listener handler function.","         */","        remove : function (listener, context) {","            validateListener(listener, 'remove');","","            var i = this._indexOfListener(listener, context);","            if (i !== -1) {","                this._bindings[i]._destroy(); //no reason to a SignalBinding exist if it isn't attached to a signal","                this._bindings.splice(i, 1);","            }","            return listener;","        },","","        /**","         * Remove all listeners from the Signal.","         */","        removeAll : function () {","            var n = this._bindings.length;","            while (n--) {","                this._bindings[n]._destroy();","            }","            this._bindings.length = 0;","        },","","        /**","         * @return {number} Number of listeners attached to the Signal.","         */","        getNumListeners : function () {","            return this._bindings.length;","        },","","        /**","         * Stop propagation of the event, blocking the dispatch to next listeners on the queue.","         * <p><strong>IMPORTANT:</strong> should be called only during signal dispatch, calling it before/after dispatch won't affect signal broadcast.</p>","         * @see Signal.prototype.disable","         */","        halt : function () {","            this._shouldPropagate = false;","        },","","        /**","         * Dispatch/Broadcast Signal to all listeners added to the queue.","         * @param {...*} [params] Parameters that should be passed to each handler.","         */","        dispatch : function (params) {","            if (! this.active) {","                return;","            }","","            var paramsArr = Array.prototype.slice.call(arguments),","                n = this._bindings.length,","                bindings;","","            if (this.memorize) {","                this._prevParams = paramsArr;","            }","","            if (! n) {","                //should come after memorize","                return;","            }","","            bindings = this._bindings.slice(); //clone array in case add/remove items during dispatch","            this._shouldPropagate = true; //in case `halt` was called before dispatch or during the previous dispatch.","","            //execute all callbacks until end of the list or until a callback returns `false` or stops propagation","            //reverse loop since listeners with higher priority will be added at the end of the list","            do { n--; } while (bindings[n] && this._shouldPropagate && bindings[n].execute(paramsArr) !== false);","        },","","        /**","         * Forget memorized arguments.","         * @see Signal.memorize","         */","        forget : function(){","            this._prevParams = null;","        },","","        /**","         * Remove all bindings from signal and destroy any reference to external objects (destroy Signal object).","         * <p><strong>IMPORTANT:</strong> calling any method on the signal instance after calling dispose will throw errors.</p>","         */","        dispose : function () {","            this.removeAll();","            delete this._bindings;","            delete this._prevParams;","        },","","        /**","         * @return {string} String representation of the object.","         */","        toString : function () {","            return '[Signal active:'+ this.active +' numListeners:'+ this.getNumListeners() +']';","        }","","    };","","","    // Namespace -----------------------------------------------------","    //================================================================","","    /**","     * Signals namespace","     * @namespace","     * @name signals","     */","    var signals = Signal;","","    /**","     * Custom event broadcaster","     * @see Signal","     */","    // alias for backwards compatibility (see #gh-44)","    signals.Signal = Signal;","","","","    //exports to multiple environments","    if(typeof define === 'function' && define.amd){ //AMD","        define(function () { return signals; });","    } else if (typeof module !== 'undefined' && module.exports){ //node","        module.exports = signals;","    } else { //browser","        //use string because of Google closure compiler ADVANCED_MODE","        /*jslint sub:true */","        global['signals'] = signals;","    }","","}(this));",""],"l":{"11":1,"30":1,"37":0,"44":0,"52":0,"59":0,"66":0,"69":1,"90":0,"91":0,"92":0,"93":0,"94":0,"95":0,"98":0,"107":0,"114":0,"121":0,"128":0,"135":0,"143":0,"144":0,"145":0,"152":0,"163":1,"164":0,"165":0,"176":1,"181":0,"182":0,"185":0,"186":0,"187":0,"191":1,"231":0,"234":0,"235":0,"236":0,"237":0,"240":0,"241":0,"244":0,"245":0,"248":0,"257":0,"258":0,"259":0,"268":0,"270":0,"271":0,"272":0,"273":0,"276":0,"286":0,"297":0,"298":0,"309":0,"310":0,"320":0,"322":0,"323":0,"324":0,"325":0,"327":0,"334":0,"335":0,"336":0,"338":0,"345":0,"354":0,"362":0,"363":0,"366":0,"370":0,"371":0,"374":0,"376":0,"379":0,"380":0,"384":0,"392":0,"400":0,"401":0,"402":0,"409":0,"423":1,"430":1,"435":1,"436":0,"437":1,"438":1,"442":0}}}